Mon Apr 18 15:28:09 MSK 2022111111111111111122222222222222225000<400 BAD_REQUEST Bad Request,Error input data,[]>
Mon Apr 18 15:31:28 MSK 2022111111111111111122222222222222225000<400 BAD_REQUEST Bad Request,Error input data,[]>
Mon Apr 18 15:32:42 MSK 2022111111111111111122222222222222225000<400 BAD_REQUEST Bad Request,Error input data,[]>
Mon Apr 18 15:33:14 MSK 2022111111111111111122222222222222225000<400 BAD_REQUEST Bad Request,Error input data,[]>
Mon Apr 18 15:35:27 MSK 2022111111111111111222222222222222215000<500 INTERNAL_SERVER_ERROR Internal Server Error,Error transfer,[]>
Mon Apr 25 21:42:16 MSK 2022111111111111111122222222222222225000<400 BAD_REQUEST Bad Request,Error input data,[]>
Mon Apr 25 21:42:52 MSK 202211111111111111112222222222222222500<200 OK OK,Success,[]>
Wed Apr 27 23:13:21 MSK 202211111111111111112222222222222222500<200 OK OK,Success,[]>
Wed Apr 27 23:15:52 MSK 202211111111111111112222222222222222500<200 OK OK,Success,[]>
Thu Apr 28 16:57:22 MSK 2022111111111111111122222222222222221000<200 OK OK,Success,[]>
Fri Apr 29 14:58:50 MSK 2022111111111111111122222222222222221000<200 OK OK,Success,[]>
Fri Apr 29 15:38:31 MSK 2022111111111111111122222222222222221200<200 OK OK,Success,[]>
Wed May 04 15:13:39 MSK 2022111111111111111122222222222222221200<200 OK OK,Success,[]>
Wed May 04 15:51:43 MSK 20221111111111111111222222222222222212<200 OK OK,Success,[]>
Sun May 08 02:28:13 MSK 20221111111111111111222222222222222212<200 OK OK,Success,[]>
Sun May 08 02:29:04 MSK 20221111111111111111222222222222222212<200 OK OK,Success,[]>
Sun May 08 02:29:52 MSK 20221111111111111111222222222222222212<200 OK OK,Success,[]>
Sun May 08 02:34:40 MSK 20221111111111111111222222222222222212<200 OK OK,Success,[]>
Sun May 08 02:34:47 MSK 20221111111111111111222222222222222212<200 OK OK,Success,[]>
Sun May 08 02:57:19 MSK 20221111111111111111222222222222222212<200 OK OK,Success,[]>
Sun May 08 03:05:04 MSK 2022111111111111111a222222222222222212<400 BAD_REQUEST Bad Request,Error input data,[]>
Sun May 08 03:06:14 MSK 2022111111111111111a222222222222222212<400 BAD_REQUEST Bad Request,Error input data,[]>
Sun May 08 03:06:14 MSK 2022111111111111111a222222222222222212<200 OK OK,Success,[]>
Sun May 08 03:06:24 MSK 2022111111111111111a222222222222222212<400 BAD_REQUEST Bad Request,Error input data,[]>
Sun May 08 03:06:24 MSK 2022111111111111111a222222222222222212<200 OK OK,Success,[]>
Sun May 08 03:06:44 MSK 2022111111111111111a222222222222222212<400 BAD_REQUEST Bad Request,Error input data,[]>
Sun May 08 03:06:44 MSK 2022111111111111111a222222222222222212<200 OK OK,Success,[]>
Mon May 09 03:00:31 MSK 2022111111111111111a222222222222222212<400 BAD_REQUEST Bad Request,Error input data,[]>
Mon May 09 03:00:31 MSK 2022111111111111111a222222222222222212<200 OK OK,Success,[]>
Tue May 10 11:42:53 MSK 2022111111111111111a222222222222222212<400 BAD_REQUEST Bad Request,Error input data,[]>
Tue May 10 11:42:53 MSK 2022111111111111111a222222222222222212<200 OK OK,Success,[]>
Tue May 10 11:43:09 MSK 2022111111111111111a222222222222222212<400 BAD_REQUEST Bad Request,Error input data,[]>
Tue May 10 11:43:09 MSK 2022111111111111111a222222222222222212<200 OK OK,Success,[]>
Tue May 10 11:44:20 MSK 2022111111111111111a222222222222222212<400 BAD_REQUEST Bad Request,Error input data,[]>
Tue May 10 11:44:20 MSK 2022111111111111111a222222222222222212<200 OK OK,Success,[]>
Tue May 10 12:25:21 MSK 2022111111111111111a222222222222222212<400 BAD_REQUEST Bad Request,Error input data,[]>
Tue May 10 12:25:21 MSK 2022111111111111111a222222222222222212<200 OK OK,Success,[]>
Tue May 10 12:34:26 MSK 2022111111111111111a222222222222222212<400 BAD_REQUEST Bad Request,Error input data,[]>
Tue May 10 12:34:26 MSK 2022111111111111111a222222222222222212<200 OK OK,Success,[]>
Tue May 10 12:34:56 MSK 2022111111111111111a222222222222222212<400 BAD_REQUEST Bad Request,Error input data,[]>
Tue May 10 12:34:56 MSK 2022111111111111111a222222222222222212<200 OK OK,Success,[]>
Tue May 10 12:37:14 MSK 2022111111111111111a222222222222222212<400 BAD_REQUEST Bad Request,Error input data,[]>
Tue May 10 12:37:14 MSK 2022111111111111111a222222222222222212<200 OK OK,Success,[]>
Tue May 10 12:40:00 MSK 2022111111111111111a222222222222222212<400 BAD_REQUEST Bad Request,Error input data,[]>
Tue May 10 12:40:00 MSK 2022111111111111111a222222222222222212<200 OK OK,Success,[]>
Tue May 10 12:42:48 MSK 2022111111111111111a222222222222222212<400 BAD_REQUEST Bad Request,Error input data,[]>
Tue May 10 12:42:48 MSK 2022111111111111111a222222222222222212<200 OK OK,Success,[]>
Tue May 10 12:43:22 MSK 2022111111111111111a222222222222222212<400 BAD_REQUEST Bad Request,Error input data,[]>
Tue May 10 12:43:22 MSK 2022111111111111111a222222222222222212<200 OK OK,Success,[]>
Tue May 10 12:44:14 MSK 2022111111111111111a222222222222222212<400 BAD_REQUEST Bad Request,Error input data,[]>
Tue May 10 12:44:14 MSK 2022111111111111111a222222222222222212<200 OK OK,Success,[]>
Tue May 10 12:44:50 MSK 2022111111111111111a222222222222222212<400 BAD_REQUEST Bad Request,Error input data,[]>
Tue May 10 12:44:50 MSK 2022111111111111111a222222222222222212<200 OK OK,Success,[]>
Tue May 10 12:46:33 MSK 2022111111111111111a222222222222222212<400 BAD_REQUEST Bad Request,Error input data,[]>
Tue May 10 12:46:33 MSK 2022111111111111111a222222222222222212<200 OK OK,Success,[]>
Tue May 10 12:46:50 MSK 2022111111111111111a222222222222222212<400 BAD_REQUEST Bad Request,Error input data,[]>
Tue May 10 12:46:50 MSK 2022111111111111111a222222222222222212<200 OK OK,Success,[]>
Tue May 10 12:49:10 MSK 2022111111111111111a222222222222222212<400 BAD_REQUEST Bad Request,Error input data,[]>
Tue May 10 12:49:10 MSK 2022111111111111111a222222222222222212<200 OK OK,Success,[]>
Tue May 10 12:49:37 MSK 2022111111111111111a222222222222222212<400 BAD_REQUEST Bad Request,Error input data,[]>
Tue May 10 12:49:37 MSK 2022111111111111111a222222222222222212<200 OK OK,Success,[]>
Tue May 10 12:53:35 MSK 2022111111111111111a222222222222222212<400 BAD_REQUEST Bad Request,Error input data,[]>
Tue May 10 12:53:35 MSK 2022111111111111111a222222222222222212<200 OK OK,Success,[]>
Tue May 10 12:54:55 MSK 2022111111111111111a222222222222222212<400 BAD_REQUEST Bad Request,Error input data,[]>
Tue May 10 12:54:55 MSK 2022111111111111111a222222222222222212<200 OK OK,Success,[]>
Tue May 10 12:55:31 MSK 2022111111111111111a222222222222222212<400 BAD_REQUEST Bad Request,Error input data,[]>
Tue May 10 12:55:31 MSK 2022111111111111111a222222222222222212<200 OK OK,Success,[]>
Tue May 10 12:55:43 MSK 2022111111111111111a222222222222222212<400 BAD_REQUEST Bad Request,Error input data,[]>
Tue May 10 12:55:43 MSK 2022111111111111111a222222222222222212<200 OK OK,Success,[]>
